[13500:2036:2023-6-24 19:10:36.452] Main Start
[13500:2036:2023-6-24 19:10:36.452] Command line:"C:\Users\pandi\Desktop\programs\WEB\Projects\clg_banner\fonts\Zoom_cm_ds_mFHNRVPZoQJYRMfBW0HGZ55qAy+KmHhfsdY8P@vq2vLE+dwxpwf9RX_kba3abaa694101ecf_.exe"  Instance:0x130000 Show State:1
[13500:2036:2023-6-24 19:10:36.526] C:\
[13500:15600:2023-6-24 19:10:36.528] [process_requst] start, url:https://zoom.us/conf/launch
[13500:15600:2023-6-24 19:10:37.250] [req_state_read_status_code] zHttpQueryInfo complete, status:200
[13500:15600:2023-6-24 19:10:37.250] [req_state_read_status_code] zHttpQueryInfo complete, status:200 Error: 0
[13500:15600:2023-6-24 19:10:37.250] [read_response_content] API call zHttpQueryInfo failed, error: 12150
[13500:15600:2023-6-24 19:10:37.250] [log_response_content] Content length (1048576 as unknown):1048576 , Total read: 1586 , Error No: 0 , Status code: 200
[13500:15600:2023-6-24 19:10:37.251] [log_response_content] header:
[13500:15600:2023-6-24 19:10:37.251] HTTP/1.1 200 OK
Date: Sat, 24 Jun 2023 13:40:37 GMT
Content-Type: text/plain;charset=utf-8
Transfer-Encoding: chunked
Connection: keep-alive
x-zm-trackingid: v=2.0;clid=aw1;rid=WEB_3c574913eb743cd2c32ab55b2972f24e
x-content-type-options: nosniff
content-security-policy: upgrade-insecure-requests; default-src https://*.zoom.us https://zoom.us blob: 'self'; img-src https: about: blob: data: 'self'; style-src https: safari-extension: chrome-extension: 'unsafe-inline' data: 'self'; font-src https: safari-extension: chrome-extension: blob: data: 'self'; connect-src * about: blob: data: 'self'; media-src * rtmp: blob: data: 'self'; frame-src https: ms-appx-web: zoommtg: zoomus: wvjbscheme: data: blob: 'self'; object-src 'none'; base-uri 'none';
x-frame-options: SAMEORIGIN
set-cookie: zm_aid=""; Domain=.zoom.us; Expires=Thu, 01-Jan-1970 00:00:10 GMT; Path=/; Secure; HttpOnly
x-zm-zoneid: VA2
strict-transport-security: max-age=31536000; includeSubDomains
x-xss-protection: 1; mode=block
referrer-policy: strict-origin-when-cross-origin
CF-Cache-Status: DYNAMIC
Set-Cookie: zm_haid=""; Domain=.zoom.us; Expires=Thu, 01-Jan-1970 00:00:10 GMT; Path=/; Secure; HttpOnly
Set-Cookie: zm_tmaid=""; Domain=.zoom.us; Expires=Thu, 01-Jan-1970 00:00:10 GMT; Path=/; Secure; HttpOnly
Set-Cookie: zm_htmaid=""; Domain=.zoom.us; Expires=Thu, 01-Jan-1970 00:00:10 GMT; Path=/; Secure; HttpOnly
Set-Cookie: cred=FDEF004C025209FCE92C8956355E327F; Path=/; Secure; HttpOnly
Set-Cookie: _zm_page_auth=aw1_c_gXr-N64ISrinDUuF0rDVnA; Domain=.zoom.us; Path=/; Secure; HttpOnly
Set-Cookie: _zm_ssid=aw1_c_Rg3k8E1uR4CkGJmYhPe3FA; Domain=.zoom.us; Path=/; Secure; HttpOnly
Set-Cookie: _zm_ctaid=SBZE5E8aTyKc76nCorywcw.1687614037247.4a2c5906fd3e9ee1885b5baf02cf03d7; Domain=.zoom.us; Expires=Sat, 24-Jun-2023 15:40:37 GMT; Path=/; Secure; HttpOnly
Set-Cookie: _zm_chtaid=337; Domain=.zoom.us; Expires=Sat, 24-Jun-2023 15:40:37 GMT; Path=/; Secure; HttpOnly
Set-Cookie: _zm_mtk_guid=aa834738cbc348659ba95b0b3c7b051b; Domain=.zoom.us; Expires=Mon, 23-Jun-2025 13:40:37 GMT; Path=/; Secure
Set-Cookie: __cf_bm=xjZ45gWn8jzKdYJOcjj0u_n0hMOQZTq5IACQ.OtvHG4-1687614037-0-ATe9CjSJy3hByRSKStP8wXLWV3nYlFilXIz7bu1L1TxnqntDGiz8nSkPoLyYsnXkZGExzQWZmQaBVaRb4M+vnyA=; path=/; expires=Sat, 24-Jun-23 14:10:37 GMT; domain=.zoom.us; HttpOnly; Secure; SameSite=None
Report-To: {"endpoints":[{"url":"https:\/\/a.nel.cloudflare.com\/report\/v3?s=esmbH4UAAq8LByNTQS2TvRbPxONHo5OOBe6f8hlaAqqQIM4p52rjriaKG2%2F2%2BG4MS%2BJHean0%2F%2BLmbETv1JkpsNg5xfLVeejHnKLjaC7GDkF%2BvZxc23nuUBLrTdFcTieBg9n%2Bja8%3D"}],"group":"cf-nel","max_age":604800}
NEL: {"success_fraction":0.01,"report_to":"cf-nel","max_age":604800}
Server: cloudflare
CF-RAY: 7dc56233f8078adf-DEL
alt-svc: h3=":443"; ma=86400


[13500:15600:2023-6-24 19:10:37.251] [process_requst] End for url:https://zoom.us/conf/launch, return code:200, Error:0, Response content size:1586
[13500:2036:2023-6-24 19:10:37.270] [client_has_installed_app] found path:
[13500:2036:2023-6-24 19:10:37.270]  ***NULL-POINTER-PLACEHOLDER***
[13500:2036:2023-6-24 19:10:37.271] [param_query_local_path] path is: C:\Users\pandi\AppData\Roaming\Zoom\ZoomDownload\ dir create response : 1 system error: 1008
[13500:2036:2023-6-24 19:10:37.271] [downloader_run] State:0
[13500:4288:2023-6-24 19:10:37.272] [process_requst] start, url:https://zoom.us/client/latest/Installer.exe?archType=x64
[13500:2036:2023-6-24 19:10:37.272] [client_has_installed_app] found path:
[13500:2036:2023-6-24 19:10:37.272]  ***NULL-POINTER-PLACEHOLDER***
[13500:4288:2023-6-24 19:10:37.740] [req_state_read_status_code] zHttpQueryInfo complete, status:200
[13500:4288:2023-6-24 19:10:37.740] [req_state_read_status_code] zHttpQueryInfo complete, status:200 Error: 0
[13500:4288:2023-6-24 19:10:37.893] [read_response_file] Status Code:200, content length: 1000768, total read: 1000768, error code: 0
[13500:4288:2023-6-24 19:10:37.896] [process_requst] End for url:https://zoom.us/client/latest/Installer.exe?archType=x64, return code:200, Error:0, Response content size:0
[13500:2036:2023-6-24 19:10:37.906] [handle_download_job_done] Index: 1 Curr index: 1 StatusCode: 200 Error: 0 Response is Empty. 
[13500:4288:2023-6-24 19:10:37.998] [process_requst] start, url:https://zoom.us/client/latest/Zoom.msi?archType=x64
[13500:4288:2023-6-24 19:10:38.281] [req_state_read_status_code] zHttpQueryInfo complete, status:200
[13500:4288:2023-6-24 19:10:38.281] [req_state_read_status_code] zHttpQueryInfo complete, status:200 Error: 0
[13500:2036:2023-6-24 19:10:38.778] [downloader_cancel] State:1
[13500:4288:2023-6-24 19:10:38.778] [read_response_file] Status Code:200, content length: 32587127, total read: 2211840, error code: 1011
[13500:4288:2023-6-24 19:10:38.779] [process_requst] End for url:https://zoom.us/client/latest/Zoom.msi?archType=x64, return code:200, Error:1011, Response content size:0
[13500:2036:2023-6-24 19:10:38.789] Main End
